500
-0.6177945460200451 -0.2956642464743595
0.47126893157800964 0.5469251575520335
0.518902348641646 0.9035200673472161
1.0074263012640223 -0.33795456880179486
-0.8674831995357497 -0.922313019718775
1.3507248219660344 0.38714267673613456
0.8095712346784456 -1.2076291723271169
-0.3332205350177979 -1.531976835100286
0.9868802029622099 1.252092109355523
-1.017860346146227 -1.2409787634702631
-1.578800218673738 -0.36058005913059965
-0.17485042600550216 -1.635439954206463
-0.9528820341326814 -1.4570915377725964
0.9832124800882234 1.4878186673204734
-1.8075615716392957 0.4529542462265397
-1.5909376507608322 1.0721905204872417
-0.2428690729678884 1.9969957925022541
-1.1899800248143393 -1.6657851808726
-1.9507623676293822 0.6757297578065842
1.8889173531369003 -1.1719540604917356
1.2106225385712577 -1.9828372030091135
2.094279267673043 -1.5091330852325306
-0.5129240483289408 2.542833193194042
-2.650440114831216 0.21565187018363474
-1.047945496529083 2.497173110724928
2.16847081422962 1.773445859801475
0.35046230113310806 -2.9595610156345975
-0.26940670460962046 -3.0564592983273764
-2.9835355407851782 0.7660843604038821
3.0098416872389677 -0.955243074280931
1.166233195738391 -2.9508195449048085
-2.939433488226399 1.2374628153395228
2.3016672122684056 -2.231025301183511
1.5738714798495845 2.8810847594394176
-2.4229214320357473 2.230467991026096
-3.3348015130476956 -0.24029252443970606
2.357710548185427 -2.458063282003593
1.67509709552791 -2.981694221533706
-1.595738741618817 -3.051736330882669
-2.1289471621609106 -2.8276839506527107
1.638971608839583 -3.1391853766136073
-3.5091526360819048 -0.9003473799962194
-1.7369246774039304 3.1858799348981304
-1.6830810534774976 -3.257247529530538
-1.2064868108065134 3.5033211946783087
-3.467951953612703 1.3078852561747318
-3.1869094951596004 -1.930996130145715
-3.6542466566132825 0.8069236757745379
3.7767807776040065 -0.11179512902117139
3.194565295419988 2.0798952387814573
-3.605837291990717 -1.4192777082988943
-2.087152145608437 3.300782558380135
3.1400560705998632 2.349163178434029
0.06938313618157821 3.9228603173658367
3.469525462526132 -1.8656246107364645
-1.5100403562566083 3.6648709762054548
-3.7487084990602604 -1.2892928098650707
3.189354897922792 2.429590292211735
-3.897367992507461 1.2626425638556462
4.096676908787174 0.5788588640068824
4.107736242178861 0.6842289879109646
3.9242153809644638 -1.49413785689379
3.7593354222752815 1.8985782252263856
-3.7608886934621255 -1.9888805432830043
0.0592316279752545 -4.262702428534175
-4.387260906132382 -0.3351716090132246
1.9185148120318587 3.992176339639336
-2.501385356096022 3.6601150311786856
-3.752948278178067 -2.3904903804090427
4.33100917117185 1.101370579161209
-4.138822530689827 -1.76400110047895
3.1343780313472003 -3.241006003374083
-3.2579458070007172 -3.1442444957064026
4.512355563928267 0.5380065361421504
-2.783155029884357 -3.652446476378346
2.337166868169458 3.9553075229379466
-4.058317316786015 2.171289924948315
-3.745062296792449 -2.683924977591712
3.052966163907806 -3.4820916510622935
-3.944010545679948 2.4665582429157755
-3.224874808811748 -3.435019995438564
-4.308854769599786 -1.9519648647669854
-3.4724598078831637 3.217645432042815
-4.748751954298593 -0.2121535190746009
4.577404712811976 -1.2982013343066292
1.4798161195161708 4.5345826619167156
-4.455443821340015 1.8757056827715335
4.81182845552204 -0.4970934433344141
4.437213160855137 2.1189472781879193
-4.387817826334983 -2.2293531263089728
-3.1659894287447816 3.809772980291232
1.8368725379210034 4.663460564290858
-0.5450107069571857 5.038521072597611
0.8522023311397149 -5.02595905781795
-4.126913248860193 -3.0613419146783745
4.981727200004691 -1.4012565977274214
4.432837609184226 2.7216102191251768
-3.1946969606622737 4.172999741208358
-3.3910742283005497 -4.017920504742937
-5.178324952048888 -1.0592551010567064
-3.841017715405859 -3.6409649812755713
2.2142310829016765 4.8273726639356624
1.1206408585496916 5.217554618828277
4.239837173501096 3.248893937603132
-3.717098348372603 -3.8448869456366115
2.7687483541595057 -4.667482316735083
1.9905715818133007 -5.0663915246482265
-4.241426685548264 -3.453505102724332
1.0579114217985737 5.403810731597311
5.450382555295432 -0.8715412053757721
0.14335790628612166 -5.525269998314952
-2.309052288627578 5.038623870310692
5.545538087838377 0.045645114020306465
-2.5793753881851327 4.921536890622889
-3.9648912673671273 -3.9195119726189382
5.15479206911926 2.2386756006442567
-2.3173903882202396 -5.126756845115377
-5.567453049860065 0.8165615673540376
5.57139178271127 0.7976583192117221
-4.937788242297197 -2.7632859105206498
5.615793301437872 1.0510342262215726
3.0334168262561008 -4.850098981150528
1.6660163649719824 -5.494721083584803
5.066380563196624 2.747512657118296
3.146995788811992 4.865196737581805
-5.801939097244173 0.4380878510575208
2.917662382088542 5.043469477692483
5.790280171004001 -0.6663572072346557
-5.680528498677198 1.383392695813237
-1.022491219180818 -5.7795938471654384
-2.723048996697816 -5.216442272369914
-5.935370626207803 0.16899318339702418
-5.877882254941909 -0.8755148330455462
-1.166385062420666 5.868698500090899
3.067694344778605 5.138352914273277
6.082081659858769 0.6221025196156482
-5.515329119800612 2.736023116521654
6.0722974759852235 1.0479092448478724
-5.9000117715641665 1.9467592097697342
-1.9586430140497608 -5.9175624854624465
0.8619355085201441 6.1807679036541465
4.855798971925086 3.924360707062739
-5.601559081095504 -2.804041885516191
-5.111662444895004 3.6340887946748346
4.253049622055542 -4.612199202062888
-4.578461134518312 4.294821168782676
6.068574142202511 1.8430223632529312
6.025938361377722 2.1089840079257822
-5.766280815566544 2.769368016052029
1.4365383751015344 6.236941977424717
3.3901202619250483 -5.463702270301387
-1.9319984355233792 6.146079712447353
2.08860446050781 -6.1327116404572095
4.185273355774564 -4.987971920982974
5.743639428547231 3.0755494260861553
-2.873084519398132 -5.851806996388007
-0.5259509925893742 -6.504459764060979
-6.529151779220063 -0.08957175859975308
-6.453196097785137 -1.130472527200121
-5.017123023222174 -4.257820363687794
-6.388836159116719 1.7858913341491256
-6.5492290096766475 1.0747088281625388
-4.210679002467391 5.138353120626116
1.1035272997787935 6.55379103260492
-6.456509898126863 -1.5882475177201236
-6.673174654588838 0.15822112133830224
-6.028021013557074 -2.873136322516137
-4.1422861280516665 -5.288371024564496
-6.411904165334629 -2.013512538727258
-2.768202746435442 6.146981246803648
0.6289901885680926 -6.727806778915866
-1.1100451651921812 -6.672922432452646
-2.726141539618931 -6.205860368180021
4.896521770347196 4.694067755491458
-6.331147599522158 2.43920697215939
3.998933419023224 -5.509274139631247
6.789106990582027 -0.5523644383585058
3.5220092790161157 5.85461977054436
6.260613687463067 -2.761157823765381
-4.074224189473217 5.529653112953577
-0.5332444194594554 -6.862231335173703
-6.85698429233609 0.6410688318027464
6.889533924747063 0.009502908308061109
1.9918084841507948 6.644285156668655
-5.923387861523086 3.618969455041441
4.988441821278208 4.856489659169096
6.263829061823259 3.042404686081346
5.46399663299702 -4.368058511920545
-6.7329353674938 1.9573570440368044
-6.910495680800932 -1.2195722815552745
-4.6948953356295675 -5.226007226953331
6.675325137814628 2.2366351916385945
-0.9400369088571345 -7.0179537911673595
-7.072291115275173 -0.4536854080683046
-7.102930527430695 0.6936574586847648
5.8386154916515824 4.192908177909056
-7.137471492813838 -0.8764366649623927
7.087667997653103 -1.2742705164031065
-1.6968496884151545 -7.012380766323192
7.0503302758259 1.6657015809436473
-5.279783665432798 -4.968451019793648
-5.158680663685575 -5.100224654330738
6.155207988677578 3.8833886894658107
6.268077721736677 3.7113296561446987
-1.1070104889076422 -7.2004670188462905
1.3785991437732914 -7.219113121331667
-5.7554226510329105 4.595447219417544
2.4582069056171854 6.964218192958626
0.21955338931945967 7.38310909752731
-7.1339183346709305 -1.9215750026406013
-7.120305307111545 1.9893646638617604
0.8562455687464805 -7.343883441339747
-5.112570729250772 -5.361031902073301
-0.2791934787966195 -7.414215534610555
-7.400213276549699 0.5816766618142726
0.7885343644907135 7.398167536044237
-7.1200449683351845 2.361526207186479
-6.696648545243196 -3.4247109680334127
-5.435357075570099 5.260188776874735
-6.984351341167423 -2.994182666278178
2.915564900927766 7.031142866424659
-7.191855442799775 2.493065381024266
-7.6330432926741025 0.05966945494542841
4.821970163102552 5.922197418413287
7.6382652587232585 0.14834312323877086
7.101686653135793 2.9063779628269195
3.204587253551148 -7.0288203828285445
7.194998677347467 2.9213174654775678
1.6060211599160379 -7.618603524583911
-4.76997747525183 -6.170656912693504
5.851970370432102 5.174071336091679
2.1273736903304723 -7.52153348365322
-7.740950029455728 -1.233074532885933
-6.203684277883131 -4.82777818378967
-7.700609057621222 -1.5920751482180346
2.4352075656426138 7.509531720183681
-7.8836466399974015 0.6287837492913226
5.4095628800577185 -5.782414150579154
-7.844426904808062 -1.083387555564567
-7.210305399100627 -3.3337491339058705
2.174933318732375 -7.654840765660744
7.956550761635693 -0.3416520108034824
-2.904832432580095 7.4181302018149005
3.055439907076769 7.366665284031001
-7.066410810197996 3.770418997317206
0.5586216673121527 7.99680276181661
6.772010367949338 -4.292671698220647
3.285874039940147 -7.338367725299399
4.496414910424875 -6.676243310203532
7.479679030708606 -2.985751458072425
-7.834869187985043 1.8828602559239762
-6.001031554580781 5.391969919056432
2.653809652424693 7.62450246686263
1.178553861890597 8.033783731694637
-6.621263709698257 -4.7026877217927705
-6.774512359087583 -4.501667367876012
-6.420317876165605 5.004114739059332
-2.564137553338444 -7.735958585412046
-2.848896991119134 7.640344791145214
-8.027619549340084 1.48423738940261
7.1180891655761656 -4.057171434571654
-8.197056985677442 0.14700830742015114
-8.094270388856906 1.308542666940033
-2.2964739684826885 7.876898448354829
7.972691243438245 1.9719633455150927
7.189389726013122 -3.9881717057983668
6.610256112256778 -4.921434323190626
7.385560344880126 -3.681464544331776
2.4398098360414178 -7.904081867097419
-2.1518762491152383 7.988878293479942
7.67313411772988 -3.1544094419030744
8.297262941521822 0.31188137063161747
-6.650261727152669 -5.000623219837701
-3.93398032924551 -7.340089132271763
5.934286459161072 -5.869800014787656
-8.156412161244326 1.7954681233074403
8.256529510982546 1.490789100355867
7.4760478452576 -3.8787851123538193
6.371012938903053 -5.615830804639761
-8.12008901671824 2.5597647523186957
6.309103509516969 5.721386959187484
3.24807123124598 7.8794337256136195
-8.317617907354917 1.9483299077524556
-1.6626319689162905 -8.404959191731916
-8.570345652145669 0.24997844258394686
-8.468764156600235 -1.3423741396223914
1.0631421617881447 -8.521692273923163
-5.72647516211815 6.40959821983941
0.0792528716015557 8.59951829112594
-7.357510865075714 4.466164271065731
-2.364063288417622 -8.280640972778286
8.442788834289956 -1.7378021768984038
8.614145609120985 -0.6800880332216082
0.9121843693571758 8.609227769445585
0.5462503360344222 8.666127823793286
-6.702820752153671 5.5267033178798
7.147594594216983 4.944362285938308
-8.72322121933816 0.3098208369940263
5.269486434053059 6.968390702492439
8.408711774895647 2.3758385757278706
-6.828574235329721 5.466939772091111
7.038729429004981 -5.209339844750875
-7.365379059579094 -4.755810327727956
-5.0846295107823565 7.145762390409203
8.6876751631277 -1.588658781156898
-4.080347389069687 -7.841714066934982
-0.22007931090210597 8.855613709278398
0.5631308836662718 -8.843779109565876
-3.84559130622796 -7.9929031158937525
-7.185390943138071 5.208696895085666
-2.321143471209684 8.60084174647055
-0.21662179413528726 -8.907009491791928
-8.003119233351036 -3.9229981276558217
5.721024318516845 6.852132362534469
-3.714760340356462 8.132912441524017
7.284524017569364 -5.188944709130709
7.595581543377271 -4.72419649008361
6.49797365123289 6.1706546165930405
-8.639551165231103 -2.4228748691487105
0.8201031054400136 -8.974844805445661
-5.7355424780970115 -6.994830538401551
7.127995782519644 -5.603705659831066
-5.151541620630153 7.511543471018651
3.928110866667202 -8.285014841970037
-4.386425421122095 8.051780310557216
-8.349070063383541 3.8217658370439267
-6.771929868047888 -6.2287828970102455
4.894787312805256 7.808804222566462
7.064825393953399 -5.94426216825902
-9.164870753354613 -1.175856299529821
-3.118070344833037 8.699353841552984
5.984894320459706 7.052412604328595
3.3860296408069175 8.6175623290776
-1.557160259679982 9.13117359436275
-8.845505476942307 2.7522543297949813
4.991990994379263 7.851866536390055
-3.2390685078114823 8.798510564278956
-3.7637494630560813 8.614886332886506
-9.405302518654114 -0.28830255991985254
-0.11565940223792381 9.423659180219218
8.62338759743534 3.831567565726928
-9.260028026926442 1.8728947740307085
9.41997481561772 0.9850544426588215
0.40127576422147193 -9.46638864020933
-3.6651941164597623 -8.744637309769045
-5.390596467327349 -7.805768713800334
-9.275651774744238 -2.066824635145988
7.132127752524859 6.287012726402818
6.843752883650168 -6.601135837500644
-5.292397669626587 7.930229040320619
2.898272658672468 -9.083780617876416
-9.283633464534898 -2.2772482677795907
-6.269915309036498 -7.216497342361476
-5.401466122548824 7.914903541178408
-9.524673339367368 1.1385481219267728
-0.34837076253602994 -9.624974933023802
-6.977015386110271 6.648687113363046
-2.4611122920012685 -9.325625838019695
-5.445556378270222 7.997378668776683
-8.727529698640485 4.249369235972562
6.7835067846454 -6.964064061753503
6.376055387872341 -7.339405050897863
-9.414259932877105 2.5522847209239803
-4.431119389807292 8.691012777366002
-4.567708079833812 -8.631013425680319
-6.270406714424979 7.517737928013503
9.794411669734998 -0.4899838855508314
-9.286721732132627 3.1862710369997522
-8.855479327889547 -4.272338319024285
-0.03656146351223022 -9.834705532508199
8.93085981075928 -4.185577440223471
1.2092713830823794 -9.803340121292152
-1.952480274472359 -9.68677423352277
4.002681032963126 9.050462149664899
7.723380487009493 -6.220885129993812
-4.054499839937069 9.052299924903998
-9.81637157752207 -1.654619211111516
-0.16486362543834687 9.954651829282973
9.251222190280387 -3.7116373630413735
-1.2823999746150037 9.891236856917324
-9.380234034297883 3.4081881113759653
-5.546419475467088 -8.306600309780201
4.537497357618745 -8.908980438352085
9.993638739079415 0.7310191357459708
8.976128377875074 4.498529294409364
-3.855528021449784 -9.282596786480873
7.420249720265986 -6.8117740192470215
5.8723624689641305 8.207884160410192
8.584490928076345 5.316139857702977
-9.580132739092189 -3.2069241959526025
9.775395030166582 -2.5658450455090893
-6.735458920631365 7.5570915196844055
9.68232714986495 -2.954464949869589
-3.273456225607994 9.607893767572321
-8.433769355650789 5.734340307208036
-9.435824606821823 -3.8930671078392542
8.193048038728666 6.098194158331385
7.97852090302165 6.3811595189563555
5.652916260254106 8.524265966764265
-5.195389300474201 8.83267935106019
7.332930886681343 -7.164579187835127
-6.339538643628771 -8.12571518700828
-9.82308569547226 -3.169706832230778
9.786414536865841 -3.290802411999543
-5.979865523836764 8.449209077932114
-7.508148822878735 -7.1406864734833375
7.866684516738314 -6.761456755291588
-7.785717319251537 6.906376465979516
9.476542535307388 4.467830996546828
6.736981561198142 8.033046964443606
9.233110938877381 4.992430425444471
-3.3765389125011485 -9.947054772200175
-3.694203763216657 -9.834967444602448
9.879092497122805 -3.683763303032766
8.839053497037462 -5.764877494688863
-7.172856911093481 -7.758479884580806
-5.377549552636727 9.098766942915567
7.919795314694177 7.001028844034856
-5.607356629462195 8.962838849534197
6.231707333985387 -8.585522786756883
3.5702828721287503 9.996720494335026
6.421929574345185 8.460582209729907
9.903137896884022 3.895642149555826
-4.438452632470158 9.698124197108346
7.097613114339026 -7.987621828711351
-9.890687080470022 4.068857331146308
9.530643780110353 -4.90996868165155
-7.9186828628725126 7.228360029969171
-7.543315044008249 7.631369134728956
-4.5135845811877235 9.737461112491847
-8.041339812978661 -7.142915180191476
9.492617624716427 -5.1832440677601666
5.599947470642093 -9.268261766327246
4.875968122564444 -9.683513022931729
6.944423425080672 -8.375084942293425
5.026439400602641 9.673734290031891
7.701246007263155 -7.749725373000553
-9.84548637849851 -4.759361332365866
5.270420359425321 -9.677847648766857
7.194457979615109 -8.405297067455484
-8.333551690697469 7.29182470036514
9.879100175572411 5.025789065024659
5.330648794715792 -9.848581308153264
8.865798118021747 6.875754459921318
-6.8639039551534475 -8.8778418748157
-7.237653225309996 -8.584505303791996
-6.648071327993515 9.06008217714444
-6.561733606440676 -9.12693963492787
-6.839630720260688 -8.9228942477234
-6.398996745897064 -9.334534445023834
-8.536647376687416 7.49549230585794
7.8505732092866864 -8.279612100037966
5.713605048452155 -9.877094686366824
6.320082937295851 9.502302235295062
8.916520085153383 -7.150799544239161
7.671849965115179 -8.547841068023459
-7.15939032759791 -8.982494372608427
-6.104689819476294 -9.762363456169979
-8.867366800701046 -7.378296440843077
-9.927072791789055 -5.908220104651971
7.7380596015139105 8.59459187393962
6.537842702213009 -9.644337614667737
9.747056917900156 -6.415818024159979
8.268674375108922 -8.27606384562843
-8.911716648223981 7.614087162908351
8.871225219042412 -7.7597380678639745
6.520623620046315 9.833903407279958
8.075413789966571 -8.634730083937525
-9.903468730235952 6.539148568576298
-6.990749996513781 -9.648601353175824
-9.707580968386022 6.926677352735737
9.525841526051927 7.257336410131671
8.61161955196409 -8.340417686740857
9.297971222532723 7.612237220897761
7.8883784693082575 9.135975931013984
8.50339924632856 -8.58143718899498
-8.348828042930947 -8.743534473573309
-9.859160253300384 -7.079416550602038
7.709727474281866 -9.40329403138196
-8.731941739982556 -8.485053481770882
7.201610656104087 9.999643006226712
9.691183762325807 -7.697682697289469
9.2915732201586 8.382752363707539
-9.855239471680033 -7.824327983282435
-8.028314208660047 9.692384906577075
8.795142678344728 9.083928299761201
9.807378541599764 8.037560541421133
8.140276607335686 -9.830357116023006
9.027493570915453 9.05311842834142
9.625877075069084 -8.54230023206204
-8.734169199671038 9.465676638615296
-9.931753685235822 -8.268965686112612
9.720035607286345 8.567949119076886
-8.51876227834325 9.849544907753959
8.812703238393063 9.7255079835601
-9.053242140612754 9.680372396429672
9.979045113037376 -8.982824790824996
9.677521600343642 9.454497192899748
9.67105066810651 -9.857214977990235
9.97433226191837 -9.97431442273217

